p/220810-compression-socks-bd-2x1.jpg 1 0 0 100 100
p/22185_p600_cream_w_1.jpg 1 0 0 100 100
p/19368-b_1_.jpg 1 0 0 100 100
p/1024x1024-EcoFriendlyCrewSocks-White-041522-1_f33f8387-4a9b-4520-b570-292a0d187ea4_1024x1024.jpg 1 0 0 100 100
p/715UFmokpzL._AC_UY780_.jpg 1 0 0 100 100
p/cebfce7a1482a721a54f9b899bea5aeb27-mens-socks.rsquare.w700.jpg 1 0 0 100 100
p/Set-of-Socks-detail_main.jpg 1 0 0 100 100
p/81xuVOESKL._AC_UY1000_.jpg 1 0 0 100 100
p/cebfce7a1482a721a54f9b899bea5aeb27-mens-socks.2x.rsocial.w600.jpg 1 0 0 100 100
p/images60.jpg 1 0 0 100 100
p/image29.jpeg 1 0 0 100 100
p/243f24702b810803539dce245c699df76f-08-kid-socks.rsquare.w700.jpg 1 0 0 100 100
p/images38.jpg 1 0 0 100 100
p/RUNN-SS20-Socks-IWP-CJ5833-Mens-v12-d_tcm221-499170.jpg 1 0 0 100 100
p/images16.jpg 1 0 0 100 100
p/81PTFhxgEwL._AC_SL1500_.jpg 1 0 0 100 100
p/cat-butt-christmas-womens-socks_1200x.jpg 1 0 0 100 100
p/images59.jpg 1 0 0 100 100
p/image28.jpeg 1 0 0 100 100
p/images37.jpg 1 0 0 100 100
p/81Z8HRJB6RL._AC_UY1000_.jpg 1 0 0 100 100
p/PRS01-0200_M_small.jpg 1 0 0 100 100
p/50ef0611ad114fc8b529459a6100d34c89b5eea4-800x447.jpg 1 0 0 100 100
p/images58.jpg 1 0 0 100 100
p/Bombas20Performance20Cycling20Ankle20Socks.jpg 1 0 0 100 100
p/images15.jpg 1 0 0 100 100
p/images36.jpg 1 0 0 100 100
p/image7.jpeg 1 0 0 100 100
p/image27.jpeg 1 0 0 100 100
p/possum-down-socks-side_1200x1200.jpg 1 0 0 100 100
p/BKL_21_FallCampaign_Loungewear_Womens_Look3_Shot1_091x_PDP_WO_768x.progressive.jpg 1 0 0 100 100
p/images14.jpg 1 0 0 100 100
p/41R0hJB2EPL._AC_SY580_.jpg 1 0 0 100 100
p/image6.jpeg 1 0 0 100 100
p/images35.jpg 1 0 0 100 100
p/images57.jpg 1 0 0 100 100
p/image26.jpeg 1 0 0 100 100
p/image25.jpeg 1 0 0 100 100
p/images13.jpg 1 0 0 100 100
p/best-winter-socks-242591-1610068366899-square.700x0c.jpg 1 0 0 100 100
p/images34.jpg 1 0 0 100 100
p/images56.jpg 1 0 0 100 100
p/31UU55SNACS._AC_.jpg 1 0 0 100 100
p/image5.jpeg 1 0 0 100 100
p/one-force-womens-metallic-crew-socks-4NkLPM.png 1 0 0 100 100
p/image24.jpeg 1 0 0 100 100
p/image4.jpeg 1 0 0 100 100
p/9_000000000744.jpg 1 0 0 100 100
p/images12.jpg 1 0 0 100 100
p/Nike20Everyday20Plus20Cushion20Training20No-Show20Socks.jpg 1 0 0 100 100
p/best-socks-for-men.png 1 0 0 100 100
p/images55.jpg 1 0 0 100 100
p/images33.jpg 1 0 0 100 100
p/image23.jpeg 1 0 0 100 100
p/images11.jpg 1 0 0 100 100
p/images54.jpg 1 0 0 100 100
p/1-10.jpg 1 0 0 100 100
p/images32.jpg 1 0 0 100 100
p/MJA02-9050.png 1 0 0 100 100
p/best-christmas-socks.jpg 1 0 0 100 100
p/image3.jpeg 1 0 0 100 100
p/image2.jpeg 1 0 0 100 100
p/image22.jpeg 1 0 0 100 100
p/images10.jpg 1 0 0 100 100
p/images53.jpg 1 0 0 100 100
p/MCT01-7303_W_small.jpg 1 0 0 100 100
p/1_26191_ZM.JPG.jpg 1 0 0 100 100
p/beer-christmas-sweater-mens-socks_1600x.jpg 1 0 0 100 100
p/images31.jpg 1 0 0 100 100
p/image21.jpeg 1 0 0 100 100
p/image.jpeg 1 0 0 100 100
p/images9.jpg 1 0 0 100 100
p/images52.jpg 1 0 0 100 100
p/marled-light-charcoal-layflat-product-transparent_d7393a1b-7aaa-4eec-8b4b-f13022eb7627.png 1 0 0 100 100
p/01_tL_wfsRedStripe.jpg 1 0 0 100 100
p/BEA01-9001_W_small.jpg 1 0 0 100 100
p/images30.jpg 1 0 0 100 100
p/image20.jpeg 1 0 0 100 100
p/images8.jpg 1 0 0 100 100
p/i-dig-dirt-womens-socks_1600x.jpg 1 0 0 100 100
p/M311D14ICO_BUF.jpg 1 0 0 100 100
p/images51.jpg 1 0 0 100 100
p/images29.jpg 1 0 0 100 100
p/BEA01-1300_new.png 1 0 0 100 100
p/image19.jpeg 1 0 0 100 100
p/0-geomess-socks.jpg 1 0 0 100 100
p/Hedgehogs.jpg 1 0 0 100 100
p/images7.jpg 1 0 0 100 100
p/Injinji_Bedrock_Dual2_2000x.jpg 1 0 0 100 100
p/images50.jpg 1 0 0 100 100
p/images28.jpg 1 0 0 100 100
p/bdc12efe521769bfdef7a46559ce8d7c32-cos-mens-ribbed-socks-ode.jpg 1 0 0 100 100
p/images6.jpg 1 0 0 100 100
p/Grapefruit_Cloud_Sock_800x.jpg 1 0 0 100 100
p/UCL708_1R9A_F0002_S_192_SLF.jpg 1 0 0 100 100
p/image18.jpeg 1 0 0 100 100
p/IMG_3129_small2.jpg 1 0 0 100 100
p/images27.jpg 1 0 0 100 100
p/images49.jpg 1 0 0 100 100
p/Featured_Collections_1_528x428.png 1 0 0 100 100
p/images5.jpg 1 0 0 100 100
p/Athletic_Cushioned_No-Show_Socks_6_Pairs_Black_Q10332_03_standard.jpg 1 0 0 100 100
p/image17.jpeg 1 0 0 100 100
p/Travel20Socks-2021_Patagonia20Lightweight20Merino20Daily20Crew20Socks.jpg 1 0 0 100 100
p/IMG_1153.jpg 1 0 0 100 100
p/images26.jpg 1 0 0 100 100
p/images48.jpg 1 0 0 100 100
p/everyday-plus-cushioned-training-crew-socks-6-pairs-vlRw4Q.png 1 0 0 100 100
p/TomSachsSpaceProgramSocks1_2048x.jpg 1 0 0 100 100
p/images4.jpg 1 0 0 100 100
p/A556A20CHS_WIN.jpg 1 0 0 100 100
p/image16.jpeg 1 0 0 100 100
p/images25.jpg 1 0 0 100 100
p/images69.jpg 1 0 0 100 100
p/images47.jpg 1 0 0 100 100
p/everyday-plus-cushioned-training-crew-socks-3-pairs-kt8drs.png 1 0 0 100 100
p/image15.jpeg 1 0 0 100 100
p/4550512249443_01_org_512x512.jpg 1 0 0 100 100
p/Superlite_No-Show_Socks_6_Pairs_Multicolor_CK0643_03_standard.jpg 1 0 0 100 100
p/images3.jpg 1 0 0 100 100
p/images68.jpg 1 0 0 100 100
p/images24.jpg 1 0 0 100 100
p/images46.jpg 1 0 0 100 100
p/everyday-plus-cushioned-training-ankle-socks-6-pairs-xql9Hn.png 1 0 0 100 100
p/Style_Socks_1-07_PROMO.jpg 1 0 0 100 100
p/220215125236-best-socks-editors-lead.jpg 1 0 0 100 100
p/image14.jpeg 1 0 0 100 100
p/images45.jpg 1 0 0 100 100
p/images2.jpg 1 0 0 100 100
p/images23.jpg 1 0 0 100 100
p/images67.jpg 1 0 0 100 100
p/everyday-plus-cushioned-training-ankle-socks-3-pairs-QrMX1x.png 1 0 0 100 100
p/striped-blue-socks.jpg 1 0 0 100 100
p/images44.jpg 1 0 0 100 100
p/1657046380-A645A21DRA_BRN.jpg 1 0 0 100 100
p/images22.jpg 1 0 0 100 100
p/eCom-521232372B49060_F.jpg 1 0 0 100 100
p/images.jpg 1 0 0 100 100
p/images66.jpg 1 0 0 100 100
p/image13.jpeg 1 0 0 100 100
p/strideline-custom_socks.jpg 1 0 0 100 100
p/Dustland_Socks-9_medium2.jpg 1 0 0 100 100
p/1632347562-nordstrom-bp-fuzzy-socks-1632347507.jpg 1 0 0 100 100
p/image35.jpeg 1 0 0 100 100
p/images65.jpg 1 0 0 100 100
p/image12.jpeg 1 0 0 100 100
p/images21.jpg 1 0 0 100 100
p/images43.jpg 1 0 0 100 100
p/DSCF024s1_copy_800x.jpg 1 0 0 100 100
p/SR-Clubs-8154_websize_1.jpg 1 0 0 100 100
p/1631043532-screen-shot-2021-09-07-at-3-37-41-pm-1631043469.png 1 0 0 100 100
p/SR-Christmas-2447_websize_1.jpg 1 0 0 100 100
p/images42.jpg 1 0 0 100 100
p/images64.jpg 1 0 0 100 100
p/images20.jpg 1 0 0 100 100
p/image34.jpeg 1 0 0 100 100
p/drinkcupsocks_product2_1_1_grande.jpg 1 0 0 100 100
p/image11.jpeg 1 0 0 100 100
p/image10.jpeg 1 0 0 100 100
p/cn14216261.jpg 1 0 0 100 100
p/images19.jpg 1 0 0 100 100
p/image33.jpeg 1 0 0 100 100
p/images63.jpg 1 0 0 100 100
p/Split_Edit_2000x.jpg 1 0 0 100 100
p/images41.jpg 1 0 0 100 100
p/9101709_Canyon_Signature_Pro_Wool_Socks_grey_full_v2.png 1 0 0 100 100
p/image32.jpeg 1 0 0 100 100
p/image9.jpeg 1 0 0 100 100
p/1285758-62d8691c0eb71.jpg 1 0 0 100 100
p/christmas-ornaments-mens-socks_1600x.jpg 1 0 0 100 100
p/images18.jpg 1 0 0 100 100
p/images40.jpg 1 0 0 100 100
p/image31.jpeg 1 0 0 100 100
p/images62.jpg 1 0 0 100 100
p/socks-for-diabetics.jpg 1 0 0 100 100
p/images17.jpg 1 0 0 100 100
p/images39.jpg 1 0 0 100 100
p/images61.jpg 1 0 0 100 100
p/496493_4G293_9000_002_100_0000_Light-Cotton-Gucci-socks.jpg 1 0 0 100 100
p/SKIMS-AC-SCK-1231-HB-SOT_SD.jpg 1 0 0 100 100
p/image8.jpeg 1 0 0 100 100
p/image30.jpeg 1 0 0 100 100
p/CharcoalFootAlignmentSocksImageMain.jpg 1 0 0 100 100